Fri Mar 31 13:48:52 EDT 2023
c1006a-s29.ufhpc
/blue/banks/zachary.gerbi/Gator-Bones
In the future `np.bool` will be defined as the corresponding NumPy scalar.
In the future `np.bool` will be defined as the corresponding NumPy scalar.
In the future `np.bool` will be defined as the corresponding NumPy scalar.
In the future `np.bool` will be defined as the corresponding NumPy scalar.
In the future `np.object` will be defined as the corresponding NumPy scalar.
In the future `np.object` will be defined as the corresponding NumPy scalar.
wandb: Currently logged in as: zachary-gerbi. Use `wandb login --relogin` to force relogin
wandb: wandb version 0.14.0 is available!  To upgrade, please run:
wandb:  $ pip install wandb --upgrade
wandb: Tracking run with wandb version 0.13.10
wandb: Run data is saved locally in /blue/banks/zachary.gerbi/Gator-Bones/wandb/run-20230331_134947-l8qxibsg
wandb: Run `wandb offline` to turn off syncing.
wandb: Syncing run 2023-03-31-13-49-44
wandb: ⭐️ View project at https://wandb.ai/zachary-gerbi/Segmentation%20Trial
wandb: 🚀 View run at https://wandb.ai/zachary-gerbi/Segmentation%20Trial/runs/l8qxibsg
The Trainer argument `auto_select_gpus` has been deprecated in v1.9.0 and will be removed in v2.0.0. Please use the function `pytorch_lightning.accelerators.find_usable_cuda_devices` instead.
GPU available: True (cuda), used: False
TPU available: False, using: 0 TPU cores
IPU available: False, using: 0 IPUs
HPU available: False, using: 0 HPUs
GPU available but not used. Set `accelerator` and `devices` using `Trainer(accelerator='gpu', devices=1)`.
['/blue/banks/zachary.gerbi/Gator-Bones/scripts', '/home/zachary.gerbi/.conda/envs/hpg/lib/python39.zip', '/home/zachary.gerbi/.conda/envs/hpg/lib/python3.9', '/home/zachary.gerbi/.conda/envs/hpg/lib/python3.9/lib-dynload', '/home/zachary.gerbi/.conda/envs/hpg/lib/python3.9/site-packages', '/scratch/local/60588715/tmpxpipz8m0', '/blue/banks/zachary.gerbi/Gator-Bones/config/', '/blue/banks/zachary.gerbi/Gator-Bones/scripts/../models']
Type of net selected: pose_hrnet
Net is on device -1
Is this net on GPU? False
Net is on device -1
Net on GPU? False
Traceback (most recent call last):
  File "/blue/banks/zachary.gerbi/Gator-Bones/scripts/fit.py", line 108, in <module>
    main(config, wandb_run)
  File "/blue/banks/zachary.gerbi/Gator-Bones/scripts/fit.py", line 68, in main
    trainer.fit(model, data_module)
  File "/home/zachary.gerbi/.conda/envs/hpg/lib/python3.9/site-packages/pytorch_lightning/trainer/trainer.py", line 608, in fit
    call._call_and_handle_interrupt(
  File "/home/zachary.gerbi/.conda/envs/hpg/lib/python3.9/site-packages/pytorch_lightning/trainer/call.py", line 38, in _call_and_handle_interrupt
    return trainer_fn(*args, **kwargs)
  File "/home/zachary.gerbi/.conda/envs/hpg/lib/python3.9/site-packages/pytorch_lightning/trainer/trainer.py", line 650, in _fit_impl
    self._run(model, ckpt_path=self.ckpt_path)
  File "/home/zachary.gerbi/.conda/envs/hpg/lib/python3.9/site-packages/pytorch_lightning/trainer/trainer.py", line 1051, in _run
    self._call_setup_hook()  # allow user to setup lightning_module in accelerator environment
  File "/home/zachary.gerbi/.conda/envs/hpg/lib/python3.9/site-packages/pytorch_lightning/trainer/trainer.py", line 1298, in _call_setup_hook
    self._call_lightning_datamodule_hook("setup", stage=fn)
  File "/home/zachary.gerbi/.conda/envs/hpg/lib/python3.9/site-packages/pytorch_lightning/trainer/trainer.py", line 1375, in _call_lightning_datamodule_hook
    return fn(*args, **kwargs)
  File "/blue/banks/zachary.gerbi/Gator-Bones/scripts/datamodule.py", line 78, in setup
    self.training_set = LitJTMLDataset(config=self.config,
TypeError: __init__() got an unexpected keyword argument 'dataset'
wandb: Waiting for W&B process to finish... (failed 1). Press Control-C to abort syncing.
