Tue Feb 28 12:06:50 EST 2023
c0804a-s35.ufhpc
/blue/banks/zachary.gerbi/Gator-Bones
wandb: Currently logged in as: zachary-gerbi. Use `wandb login --relogin` to force relogin
wandb: Tracking run with wandb version 0.13.10
wandb: Run data is saved locally in /blue/banks/zachary.gerbi/Gator-Bones/wandb/run-20230228_120715-qsp5d22h
wandb: Run `wandb offline` to turn off syncing.
wandb: Syncing run 2023-02-28-12-07-13
wandb: ⭐️ View project at https://wandb.ai/zachary-gerbi/Segmentation%20Trial
wandb: 🚀 View run at https://wandb.ai/zachary-gerbi/Segmentation%20Trial/runs/qsp5d22h
The Trainer argument `auto_select_gpus` has been deprecated in v1.9.0 and will be removed in v2.0.0. Please use the function `pytorch_lightning.accelerators.find_usable_cuda_devices` instead.
Auto select gpus: [0]
GPU available: True (cuda), used: True
TPU available: False, using: 0 TPU cores
IPU available: False, using: 0 IPUs
HPU available: False, using: 0 HPUs
You are using a CUDA device ('NVIDIA A100-SXM4-80GB') that has Tensor Cores. To properly utilize them, you should set `torch.set_float32_matmul_precision('medium' | 'high')` which will trade-off precision for performance. For more details, read https://pytorch.org/docs/stable/generated/torch.set_float32_matmul_precision.html#torch.set_float32_matmul_precision
Is cuda available?
True
['/blue/banks/zachary.gerbi/Gator-Bones/scripts', '/home/zachary.gerbi/.conda/envs/JTML/lib/python39.zip', '/home/zachary.gerbi/.conda/envs/JTML/lib/python3.9', '/home/zachary.gerbi/.conda/envs/JTML/lib/python3.9/lib-dynload', '/home/zachary.gerbi/.conda/envs/JTML/lib/python3.9/site-packages', '/scratch/local/58594849/tmp1s5vtdts', '/blue/banks/zachary.gerbi/Gator-Bones/config/', '/blue/banks/zachary.gerbi/Gator-Bones/scripts/../models']
Type of net selected: swin_unetr
Net is on device -1
Is this net on GPU? False
Net is on device 0
Net on GPU? True
Traceback (most recent call last):
  File "/blue/banks/zachary.gerbi/Gator-Bones/scripts/fit.py", line 110, in <module>
    main(config, wandb_run)
  File "/blue/banks/zachary.gerbi/Gator-Bones/scripts/fit.py", line 70, in main
    trainer.fit(model, data_module)
  File "/home/zachary.gerbi/.conda/envs/JTML/lib/python3.9/site-packages/pytorch_lightning/trainer/trainer.py", line 608, in fit
    call._call_and_handle_interrupt(
  File "/home/zachary.gerbi/.conda/envs/JTML/lib/python3.9/site-packages/pytorch_lightning/trainer/call.py", line 38, in _call_and_handle_interrupt
    return trainer_fn(*args, **kwargs)
  File "/home/zachary.gerbi/.conda/envs/JTML/lib/python3.9/site-packages/pytorch_lightning/trainer/trainer.py", line 650, in _fit_impl
    self._run(model, ckpt_path=self.ckpt_path)
  File "/home/zachary.gerbi/.conda/envs/JTML/lib/python3.9/site-packages/pytorch_lightning/trainer/trainer.py", line 1051, in _run
    self._call_setup_hook()  # allow user to setup lightning_module in accelerator environment
  File "/home/zachary.gerbi/.conda/envs/JTML/lib/python3.9/site-packages/pytorch_lightning/trainer/trainer.py", line 1298, in _call_setup_hook
    self._call_lightning_datamodule_hook("setup", stage=fn)
  File "/home/zachary.gerbi/.conda/envs/JTML/lib/python3.9/site-packages/pytorch_lightning/trainer/trainer.py", line 1375, in _call_lightning_datamodule_hook
    return fn(*args, **kwargs)
  File "/blue/banks/zachary.gerbi/Gator-Bones/scripts/datamodule.py", line 78, in setup
    self.training_set = LitJTMLDataset(config=self.config,
  File "/blue/banks/zachary.gerbi/Gator-Bones/scripts/JTMLDataset.py", line 40, in __init__
    raise Exception('Error, cannot find file: ' + self.images[idx])
Exception: Error, cannot find file: grid_Calib file test_000000000043.tif
wandb: Waiting for W&B process to finish... (failed 1). Press Control-C to abort syncing.
wandb: - 0.015 MB of 0.015 MB uploaded (0.000 MB deduped)wandb: \ 0.015 MB of 0.015 MB uploaded (0.000 MB deduped)wandb: | 0.015 MB of 0.015 MB uploaded (0.000 MB deduped)wandb: / 0.015 MB of 0.015 MB uploaded (0.000 MB deduped)wandb: - 0.015 MB of 0.015 MB uploaded (0.000 MB deduped)wandb: \ 0.015 MB of 0.015 MB uploaded (0.000 MB deduped)wandb: 🚀 View run 2023-02-28-12-07-13 at: https://wandb.ai/zachary-gerbi/Segmentation%20Trial/runs/qsp5d22h
wandb: Synced 6 W&B file(s), 0 media file(s), 0 artifact file(s) and 0 other file(s)
wandb: Find logs at: ./wandb/run-20230228_120715-qsp5d22h/logs
