2023-03-28 19:06:46,825 - mmseg - INFO - Distributed training: False
2023-03-28 19:06:47,022 - mmseg - INFO - Config:
log_config = dict(
    interval=50, hooks=[dict(type='TextLoggerHook', by_epoch=False)])
dist_params = dict(backend='nccl')
log_level = 'INFO'
load_from = None
resume_from = None
workflow = [('train', 1)]
cudnn_benchmark = True
optimizer = dict(type='SGD', lr=0.01, momentum=0.9, weight_decay=0.0005)
optimizer_config = dict()
lr_config = dict(policy='poly', power=0.9, min_lr=0.0001, by_epoch=False)
runner = dict(type='IterBasedRunner', max_iters=160000)
checkpoint_config = dict(by_epoch=False, interval=16000)
evaluation = dict(interval=16000, metric='mIoU')
_data_root = 'data/BoneMeal'
norm_cfg = dict(type='SyncBN', requires_grad=True)
model = dict(
    type='EncoderDecoderRefine',
    pretrained='open-mmlab://msra/hrnetv2_w18_small',
    backbone=dict(
        type='HRNetRefine',
        norm_cfg=dict(type='SyncBN', requires_grad=True),
        norm_eval=False,
        extra=dict(
            stage1=dict(
                num_modules=1,
                num_branches=1,
                block='BOTTLENECK',
                num_blocks=(2, ),
                num_channels=(64, )),
            stage2=dict(
                num_modules=1,
                num_branches=2,
                block='BASIC',
                num_blocks=(2, 2),
                num_channels=(18, 36)),
            stage3=dict(
                num_modules=3,
                num_branches=3,
                block='BASIC',
                num_blocks=(2, 2, 2),
                num_channels=(18, 36, 72)),
            stage4=dict(
                num_modules=2,
                num_branches=4,
                block='BASIC',
                num_blocks=(2, 2, 2, 2),
                num_channels=(18, 36, 72, 144)))),
    decode_head=dict(
        type='FCNHead',
        in_channels=[18, 36, 72, 144],
        in_index=(0, 1, 2, 3),
        channels=270,
        input_transform='resize_concat',
        kernel_size=1,
        num_convs=1,
        concat_input=False,
        dropout_ratio=-1,
        num_classes=2,
        norm_cfg=dict(type='SyncBN', requires_grad=True),
        align_corners=False,
        loss_decode=dict(
            type='CrossEntropyLoss', use_sigmoid=False, loss_weight=1.0)))
train_cfg = dict()
test_cfg = dict(mode='whole')
dataset_type = 'RefineDataset'
data_root = 'data/BoneMeal'
img_norm_cfg = dict(
    mean=[123.675, 116.28, 103.53], std=[58.395, 57.12, 57.375], to_rgb=True)
crop_size = (128, 128)
train_pipeline = [
    dict(type='LoadImageFromFile'),
    dict(type='LoadAnnotations'),
    dict(type='LoadCoarseMask'),
    dict(type='Resize', img_scale=(128, 128), ratio_range=(1.0, 1.0)),
    dict(type='RandomFlip', flip_ratio=0.5),
    dict(type='PhotoMetricDistortion'),
    dict(
        type='Normalize',
        mean=[123.675, 116.28, 103.53],
        std=[58.395, 57.12, 57.375],
        to_rgb=True),
    dict(type='DefaultFormatBundle'),
    dict(type='Collect', keys=['img', 'gt_semantic_seg', 'coarse_mask'])
]
test_pipeline = [
    dict(type='LoadImageFromFile'),
    dict(type='LoadAnnotations'),
    dict(type='LoadCoarseMask'),
    dict(
        type='MultiScaleFlipAug',
        img_scale=(128, 128),
        flip=False,
        transforms=[
            dict(type='Resize', img_scale=(128, 128), keep_ratio=True),
            dict(type='RandomFlip'),
            dict(
                type='Normalize',
                mean=[123.675, 116.28, 103.53],
                std=[58.395, 57.12, 57.375],
                to_rgb=True),
            dict(type='ImageToTensor', keys=['img']),
            dict(type='Collect', keys=['img', 'coarse_mask'])
        ])
]
data = dict(
    samples_per_gpu=8,
    workers_per_gpu=8,
    train=dict(
        type='RefineDataset',
        data_root='data/BoneMeal',
        img_dir='img_dir/train',
        mask_dir='mask_dir/train',
        ann_dir='ann_dir/train',
        pipeline=[
            dict(type='LoadImageFromFile'),
            dict(type='LoadAnnotations'),
            dict(type='LoadCoarseMask'),
            dict(type='Resize', img_scale=(128, 128), ratio_range=(1.0, 1.0)),
            dict(type='RandomFlip', flip_ratio=0.5),
            dict(type='PhotoMetricDistortion'),
            dict(
                type='Normalize',
                mean=[123.675, 116.28, 103.53],
                std=[58.395, 57.12, 57.375],
                to_rgb=True),
            dict(type='DefaultFormatBundle'),
            dict(
                type='Collect', keys=['img', 'gt_semantic_seg', 'coarse_mask'])
        ]),
    val=dict(
        type='RefineDataset',
        data_root='data/BoneMeal',
        img_dir='img_dir/val',
        mask_dir='mask_dir/val',
        ann_dir='ann_dir/val',
        pipeline=[
            dict(type='LoadImageFromFile'),
            dict(type='LoadAnnotations'),
            dict(type='LoadCoarseMask'),
            dict(
                type='MultiScaleFlipAug',
                img_scale=(128, 128),
                flip=False,
                transforms=[
                    dict(type='Resize', img_scale=(128, 128), keep_ratio=True),
                    dict(type='RandomFlip'),
                    dict(
                        type='Normalize',
                        mean=[123.675, 116.28, 103.53],
                        std=[58.395, 57.12, 57.375],
                        to_rgb=True),
                    dict(type='ImageToTensor', keys=['img']),
                    dict(type='Collect', keys=['img', 'coarse_mask'])
                ])
        ]),
    test=dict(
        type='RefineDataset',
        data_root='data/BoneMeal',
        img_dir='img_dir/val',
        mask_dir='mask_dir/val',
        ann_dir='ann_dir/val',
        pipeline=[
            dict(type='LoadImageFromFile'),
            dict(type='LoadAnnotations'),
            dict(type='LoadCoarseMask'),
            dict(
                type='MultiScaleFlipAug',
                img_scale=(128, 128),
                flip=False,
                transforms=[
                    dict(type='Resize', img_scale=(128, 128), keep_ratio=True),
                    dict(type='RandomFlip'),
                    dict(
                        type='Normalize',
                        mean=[123.675, 116.28, 103.53],
                        std=[58.395, 57.12, 57.375],
                        to_rgb=True),
                    dict(type='ImageToTensor', keys=['img']),
                    dict(type='Collect', keys=['img', 'coarse_mask'])
                ])
        ]))
work_dir = './work_dirs\hrnet18s_128'
gpu_ids = range(0, 1)

2023-03-28 19:06:47,098 - mmseg - INFO - load checkpoint from openmmlab path: open-mmlab://msra/hrnetv2_w18_small
2023-03-28 19:06:47,227 - mmseg - WARNING - The model and loaded state dict do not match exactly

unexpected key in source state_dict: incre_modules.0.0.conv1.weight, incre_modules.0.0.bn1.weight, incre_modules.0.0.bn1.bias, incre_modules.0.0.bn1.running_mean, incre_modules.0.0.bn1.running_var, incre_modules.0.0.bn1.num_batches_tracked, incre_modules.0.0.conv2.weight, incre_modules.0.0.bn2.weight, incre_modules.0.0.bn2.bias, incre_modules.0.0.bn2.running_mean, incre_modules.0.0.bn2.running_var, incre_modules.0.0.bn2.num_batches_tracked, incre_modules.0.0.conv3.weight, incre_modules.0.0.bn3.weight, incre_modules.0.0.bn3.bias, incre_modules.0.0.bn3.running_mean, incre_modules.0.0.bn3.running_var, incre_modules.0.0.bn3.num_batches_tracked, incre_modules.0.0.downsample.0.weight, incre_modules.0.0.downsample.1.weight, incre_modules.0.0.downsample.1.bias, incre_modules.0.0.downsample.1.running_mean, incre_modules.0.0.downsample.1.running_var, incre_modules.0.0.downsample.1.num_batches_tracked, incre_modules.1.0.conv1.weight, incre_modules.1.0.bn1.weight, incre_modules.1.0.bn1.bias, incre_modules.1.0.bn1.running_mean, incre_modules.1.0.bn1.running_var, incre_modules.1.0.bn1.num_batches_tracked, incre_modules.1.0.conv2.weight, incre_modules.1.0.bn2.weight, incre_modules.1.0.bn2.bias, incre_modules.1.0.bn2.running_mean, incre_modules.1.0.bn2.running_var, incre_modules.1.0.bn2.num_batches_tracked, incre_modules.1.0.conv3.weight, incre_modules.1.0.bn3.weight, incre_modules.1.0.bn3.bias, incre_modules.1.0.bn3.running_mean, incre_modules.1.0.bn3.running_var, incre_modules.1.0.bn3.num_batches_tracked, incre_modules.1.0.downsample.0.weight, incre_modules.1.0.downsample.1.weight, incre_modules.1.0.downsample.1.bias, incre_modules.1.0.downsample.1.running_mean, incre_modules.1.0.downsample.1.running_var, incre_modules.1.0.downsample.1.num_batches_tracked, incre_modules.2.0.conv1.weight, incre_modules.2.0.bn1.weight, incre_modules.2.0.bn1.bias, incre_modules.2.0.bn1.running_mean, incre_modules.2.0.bn1.running_var, incre_modules.2.0.bn1.num_batches_tracked, incre_modules.2.0.conv2.weight, incre_modules.2.0.bn2.weight, incre_modules.2.0.bn2.bias, incre_modules.2.0.bn2.running_mean, incre_modules.2.0.bn2.running_var, incre_modules.2.0.bn2.num_batches_tracked, incre_modules.2.0.conv3.weight, incre_modules.2.0.bn3.weight, incre_modules.2.0.bn3.bias, incre_modules.2.0.bn3.running_mean, incre_modules.2.0.bn3.running_var, incre_modules.2.0.bn3.num_batches_tracked, incre_modules.2.0.downsample.0.weight, incre_modules.2.0.downsample.1.weight, incre_modules.2.0.downsample.1.bias, incre_modules.2.0.downsample.1.running_mean, incre_modules.2.0.downsample.1.running_var, incre_modules.2.0.downsample.1.num_batches_tracked, incre_modules.3.0.conv1.weight, incre_modules.3.0.bn1.weight, incre_modules.3.0.bn1.bias, incre_modules.3.0.bn1.running_mean, incre_modules.3.0.bn1.running_var, incre_modules.3.0.bn1.num_batches_tracked, incre_modules.3.0.conv2.weight, incre_modules.3.0.bn2.weight, incre_modules.3.0.bn2.bias, incre_modules.3.0.bn2.running_mean, incre_modules.3.0.bn2.running_var, incre_modules.3.0.bn2.num_batches_tracked, incre_modules.3.0.conv3.weight, incre_modules.3.0.bn3.weight, incre_modules.3.0.bn3.bias, incre_modules.3.0.bn3.running_mean, incre_modules.3.0.bn3.running_var, incre_modules.3.0.bn3.num_batches_tracked, incre_modules.3.0.downsample.0.weight, incre_modules.3.0.downsample.1.weight, incre_modules.3.0.downsample.1.bias, incre_modules.3.0.downsample.1.running_mean, incre_modules.3.0.downsample.1.running_var, incre_modules.3.0.downsample.1.num_batches_tracked, downsamp_modules.0.0.weight, downsamp_modules.0.0.bias, downsamp_modules.0.1.weight, downsamp_modules.0.1.bias, downsamp_modules.0.1.running_mean, downsamp_modules.0.1.running_var, downsamp_modules.0.1.num_batches_tracked, downsamp_modules.1.0.weight, downsamp_modules.1.0.bias, downsamp_modules.1.1.weight, downsamp_modules.1.1.bias, downsamp_modules.1.1.running_mean, downsamp_modules.1.1.running_var, downsamp_modules.1.1.num_batches_tracked, downsamp_modules.2.0.weight, downsamp_modules.2.0.bias, downsamp_modules.2.1.weight, downsamp_modules.2.1.bias, downsamp_modules.2.1.running_mean, downsamp_modules.2.1.running_var, downsamp_modules.2.1.num_batches_tracked, final_layer.0.weight, final_layer.0.bias, final_layer.1.weight, final_layer.1.bias, final_layer.1.running_mean, final_layer.1.running_var, final_layer.1.num_batches_tracked, classifier.weight, classifier.bias

missing keys in source state_dict: conv_mask.weight

2023-03-28 19:06:47,234 - mmseg - INFO - EncoderDecoderRefine(
  (backbone): HRNetRefine(
    (conv1): Conv2d(3, 64, kernel_size=(3, 3), stride=(2, 2), padding=(1, 1), bias=False)
    (bn1): SyncBatchNorm(64, eps=1e-05, momentum=0.1, affine=True, track_running_stats=True)
    (conv2): Conv2d(64, 64, kernel_size=(3, 3), stride=(2, 2), padding=(1, 1), bias=False)
    (bn2): SyncBatchNorm(64, eps=1e-05, momentum=0.1, affine=True, track_running_stats=True)
    (relu): ReLU(inplace=True)
    (layer1): Sequential(
      (0): Bottleneck(
        (conv1): Conv2d(64, 64, kernel_size=(1, 1), stride=(1, 1), bias=False)
        (bn1): SyncBatchNorm(64, eps=1e-05, momentum=0.1, affine=True, track_running_stats=True)
        (conv2): Conv2d(64, 64, kernel_size=(3, 3), stride=(1, 1), padding=(1, 1), bias=False)
        (bn2): SyncBatchNorm(64, eps=1e-05, momentum=0.1, affine=True, track_running_stats=True)
        (conv3): Conv2d(64, 256, kernel_size=(1, 1), stride=(1, 1), bias=False)
        (bn3): SyncBatchNorm(256, eps=1e-05, momentum=0.1, affine=True, track_running_stats=True)
        (relu): ReLU(inplace=True)
        (downsample): Sequential(
          (0): Conv2d(64, 256, kernel_size=(1, 1), stride=(1, 1), bias=False)
          (1): SyncBatchNorm(256, eps=1e-05, momentum=0.1, affine=True, track_running_stats=True)
        )
      )
      (1): Bottleneck(
        (conv1): Conv2d(256, 64, kernel_size=(1, 1), stride=(1, 1), bias=False)
        (bn1): SyncBatchNorm(64, eps=1e-05, momentum=0.1, affine=True, track_running_stats=True)
        (conv2): Conv2d(64, 64, kernel_size=(3, 3), stride=(1, 1), padding=(1, 1), bias=False)
        (bn2): SyncBatchNorm(64, eps=1e-05, momentum=0.1, affine=True, track_running_stats=True)
        (conv3): Conv2d(64, 256, kernel_size=(1, 1), stride=(1, 1), bias=False)
        (bn3): SyncBatchNorm(256, eps=1e-05, momentum=0.1, affine=True, track_running_stats=True)
        (relu): ReLU(inplace=True)
      )
    )
    (transition1): ModuleList(
      (0): Sequential(
        (0): Conv2d(256, 18, kernel_size=(3, 3), stride=(1, 1), padding=(1, 1), bias=False)
        (1): SyncBatchNorm(18, eps=1e-05, momentum=0.1, affine=True, track_running_stats=True)
        (2): ReLU(inplace=True)
      )
      (1): Sequential(
        (0): Sequential(
          (0): Conv2d(256, 36, kernel_size=(3, 3), stride=(2, 2), padding=(1, 1), bias=False)
          (1): SyncBatchNorm(36, eps=1e-05, momentum=0.1, affine=True, track_running_stats=True)
          (2): ReLU(inplace=True)
        )
      )
    )
    (stage2): Sequential(
      (0): HRModule(
        (branches): ModuleList(
          (0): Sequential(
            (0): BasicBlock(
              (conv1): Conv2d(18, 18, kernel_size=(3, 3), stride=(1, 1), padding=(1, 1), bias=False)
              (bn1): SyncBatchNorm(18, eps=1e-05, momentum=0.1, affine=True, track_running_stats=True)
              (conv2): Conv2d(18, 18, kernel_size=(3, 3), stride=(1, 1), padding=(1, 1), bias=False)
              (bn2): SyncBatchNorm(18, eps=1e-05, momentum=0.1, affine=True, track_running_stats=True)
              (relu): ReLU(inplace=True)
            )
            (1): BasicBlock(
              (conv1): Conv2d(18, 18, kernel_size=(3, 3), stride=(1, 1), padding=(1, 1), bias=False)
              (bn1): SyncBatchNorm(18, eps=1e-05, momentum=0.1, affine=True, track_running_stats=True)
              (conv2): Conv2d(18, 18, kernel_size=(3, 3), stride=(1, 1), padding=(1, 1), bias=False)
              (bn2): SyncBatchNorm(18, eps=1e-05, momentum=0.1, affine=True, track_running_stats=True)
              (relu): ReLU(inplace=True)
            )
          )
          (1): Sequential(
            (0): BasicBlock(
              (conv1): Conv2d(36, 36, kernel_size=(3, 3), stride=(1, 1), padding=(1, 1), bias=False)
              (bn1): SyncBatchNorm(36, eps=1e-05, momentum=0.1, affine=True, track_running_stats=True)
              (conv2): Conv2d(36, 36, kernel_size=(3, 3), stride=(1, 1), padding=(1, 1), bias=False)
              (bn2): SyncBatchNorm(36, eps=1e-05, momentum=0.1, affine=True, track_running_stats=True)
              (relu): ReLU(inplace=True)
            )
            (1): BasicBlock(
              (conv1): Conv2d(36, 36, kernel_size=(3, 3), stride=(1, 1), padding=(1, 1), bias=False)
              (bn1): SyncBatchNorm(36, eps=1e-05, momentum=0.1, affine=True, track_running_stats=True)
              (conv2): Conv2d(36, 36, kernel_size=(3, 3), stride=(1, 1), padding=(1, 1), bias=False)
              (bn2): SyncBatchNorm(36, eps=1e-05, momentum=0.1, affine=True, track_running_stats=True)
              (relu): ReLU(inplace=True)
            )
          )
        )
        (fuse_layers): ModuleList(
          (0): ModuleList(
            (0): None
            (1): Sequential(
              (0): Conv2d(36, 18, kernel_size=(1, 1), stride=(1, 1), bias=False)
              (1): SyncBatchNorm(18, eps=1e-05, momentum=0.1, affine=True, track_running_stats=True)
              (2): Upsample()
            )
          )
          (1): ModuleList(
            (0): Sequential(
              (0): Sequential(
                (0): Conv2d(18, 36, kernel_size=(3, 3), stride=(2, 2), padding=(1, 1), bias=False)
                (1): SyncBatchNorm(36, eps=1e-05, momentum=0.1, affine=True, track_running_stats=True)
              )
            )
            (1): None
          )
        )
        (relu): ReLU()
      )
    )
    (transition2): ModuleList(
      (0): None
      (1): None
      (2): Sequential(
        (0): Sequential(
          (0): Conv2d(36, 72, kernel_size=(3, 3), stride=(2, 2), padding=(1, 1), bias=False)
          (1): SyncBatchNorm(72, eps=1e-05, momentum=0.1, affine=True, track_running_stats=True)
          (2): ReLU(inplace=True)
        )
      )
    )
    (stage3): Sequential(
      (0): HRModule(
        (branches): ModuleList(
          (0): Sequential(
            (0): BasicBlock(
              (conv1): Conv2d(18, 18, kernel_size=(3, 3), stride=(1, 1), padding=(1, 1), bias=False)
              (bn1): SyncBatchNorm(18, eps=1e-05, momentum=0.1, affine=True, track_running_stats=True)
              (conv2): Conv2d(18, 18, kernel_size=(3, 3), stride=(1, 1), padding=(1, 1), bias=False)
              (bn2): SyncBatchNorm(18, eps=1e-05, momentum=0.1, affine=True, track_running_stats=True)
              (relu): ReLU(inplace=True)
            )
            (1): BasicBlock(
              (conv1): Conv2d(18, 18, kernel_size=(3, 3), stride=(1, 1), padding=(1, 1), bias=False)
              (bn1): SyncBatchNorm(18, eps=1e-05, momentum=0.1, affine=True, track_running_stats=True)
              (conv2): Conv2d(18, 18, kernel_size=(3, 3), stride=(1, 1), padding=(1, 1), bias=False)
              (bn2): SyncBatchNorm(18, eps=1e-05, momentum=0.1, affine=True, track_running_stats=True)
              (relu): ReLU(inplace=True)
            )
          )
          (1): Sequential(
            (0): BasicBlock(
              (conv1): Conv2d(36, 36, kernel_size=(3, 3), stride=(1, 1), padding=(1, 1), bias=False)
              (bn1): SyncBatchNorm(36, eps=1e-05, momentum=0.1, affine=True, track_running_stats=True)
              (conv2): Conv2d(36, 36, kernel_size=(3, 3), stride=(1, 1), padding=(1, 1), bias=False)
              (bn2): SyncBatchNorm(36, eps=1e-05, momentum=0.1, affine=True, track_running_stats=True)
              (relu): ReLU(inplace=True)
            )
            (1): BasicBlock(
              (conv1): Conv2d(36, 36, kernel_size=(3, 3), stride=(1, 1), padding=(1, 1), bias=False)
              (bn1): SyncBatchNorm(36, eps=1e-05, momentum=0.1, affine=True, track_running_stats=True)
              (conv2): Conv2d(36, 36, kernel_size=(3, 3), stride=(1, 1), padding=(1, 1), bias=False)
              (bn2): SyncBatchNorm(36, eps=1e-05, momentum=0.1, affine=True, track_running_stats=True)
              (relu): ReLU(inplace=True)
            )
          )
          (2): Sequential(
            (0): BasicBlock(
              (conv1): Conv2d(72, 72, kernel_size=(3, 3), stride=(1, 1), padding=(1, 1), bias=False)
              (bn1): SyncBatchNorm(72, eps=1e-05, momentum=0.1, affine=True, track_running_stats=True)
              (conv2): Conv2d(72, 72, kernel_size=(3, 3), stride=(1, 1), padding=(1, 1), bias=False)
              (bn2): SyncBatchNorm(72, eps=1e-05, momentum=0.1, affine=True, track_running_stats=True)
              (relu): ReLU(inplace=True)
            )
            (1): BasicBlock(
              (conv1): Conv2d(72, 72, kernel_size=(3, 3), stride=(1, 1), padding=(1, 1), bias=False)
              (bn1): SyncBatchNorm(72, eps=1e-05, momentum=0.1, affine=True, track_running_stats=True)
              (conv2): Conv2d(72, 72, kernel_size=(3, 3), stride=(1, 1), padding=(1, 1), bias=False)
              (bn2): SyncBatchNorm(72, eps=1e-05, momentum=0.1, affine=True, track_running_stats=True)
              (relu): ReLU(inplace=True)
            )
          )
        )
        (fuse_layers): ModuleList(
          (0): ModuleList(
            (0): None
            (1): Sequential(
              (0): Conv2d(36, 18, kernel_size=(1, 1), stride=(1, 1), bias=False)
              (1): SyncBatchNorm(18, eps=1e-05, momentum=0.1, affine=True, track_running_stats=True)
              (2): Upsample()
            )
            (2): Sequential(
              (0): Conv2d(72, 18, kernel_size=(1, 1), stride=(1, 1), bias=False)
              (1): SyncBatchNorm(18, eps=1e-05, momentum=0.1, affine=True, track_running_stats=True)
              (2): Upsample()
            )
          )
          (1): ModuleList(
            (0): Sequential(
              (0): Sequential(
                (0): Conv2d(18, 36, kernel_size=(3, 3), stride=(2, 2), padding=(1, 1), bias=False)
                (1): SyncBatchNorm(36, eps=1e-05, momentum=0.1, affine=True, track_running_stats=True)
              )
            )
            (1): None
            (2): Sequential(
              (0): Conv2d(72, 36, kernel_size=(1, 1), stride=(1, 1), bias=False)
              (1): SyncBatchNorm(36, eps=1e-05, momentum=0.1, affine=True, track_running_stats=True)
              (2): Upsample()
            )
          )
          (2): ModuleList(
            (0): Sequential(
              (0): Sequential(
                (0): Conv2d(18, 18, kernel_size=(3, 3), stride=(2, 2), padding=(1, 1), bias=False)
                (1): SyncBatchNorm(18, eps=1e-05, momentum=0.1, affine=True, track_running_stats=True)
                (2): ReLU()
              )
              (1): Sequential(
                (0): Conv2d(18, 72, kernel_size=(3, 3), stride=(2, 2), padding=(1, 1), bias=False)
                (1): SyncBatchNorm(72, eps=1e-05, momentum=0.1, affine=True, track_running_stats=True)
              )
            )
            (1): Sequential(
              (0): Sequential(
                (0): Conv2d(36, 72, kernel_size=(3, 3), stride=(2, 2), padding=(1, 1), bias=False)
                (1): SyncBatchNorm(72, eps=1e-05, momentum=0.1, affine=True, track_running_stats=True)
              )
            )
            (2): None
          )
        )
        (relu): ReLU()
      )
      (1): HRModule(
        (branches): ModuleList(
          (0): Sequential(
            (0): BasicBlock(
              (conv1): Conv2d(18, 18, kernel_size=(3, 3), stride=(1, 1), padding=(1, 1), bias=False)
              (bn1): SyncBatchNorm(18, eps=1e-05, momentum=0.1, affine=True, track_running_stats=True)
              (conv2): Conv2d(18, 18, kernel_size=(3, 3), stride=(1, 1), padding=(1, 1), bias=False)
              (bn2): SyncBatchNorm(18, eps=1e-05, momentum=0.1, affine=True, track_running_stats=True)
              (relu): ReLU(inplace=True)
            )
            (1): BasicBlock(
              (conv1): Conv2d(18, 18, kernel_size=(3, 3), stride=(1, 1), padding=(1, 1), bias=False)
              (bn1): SyncBatchNorm(18, eps=1e-05, momentum=0.1, affine=True, track_running_stats=True)
              (conv2): Conv2d(18, 18, kernel_size=(3, 3), stride=(1, 1), padding=(1, 1), bias=False)
              (bn2): SyncBatchNorm(18, eps=1e-05, momentum=0.1, affine=True, track_running_stats=True)
              (relu): ReLU(inplace=True)
            )
          )
          (1): Sequential(
            (0): BasicBlock(
              (conv1): Conv2d(36, 36, kernel_size=(3, 3), stride=(1, 1), padding=(1, 1), bias=False)
              (bn1): SyncBatchNorm(36, eps=1e-05, momentum=0.1, affine=True, track_running_stats=True)
              (conv2): Conv2d(36, 36, kernel_size=(3, 3), stride=(1, 1), padding=(1, 1), bias=False)
              (bn2): SyncBatchNorm(36, eps=1e-05, momentum=0.1, affine=True, track_running_stats=True)
              (relu): ReLU(inplace=True)
            )
            (1): BasicBlock(
              (conv1): Conv2d(36, 36, kernel_size=(3, 3), stride=(1, 1), padding=(1, 1), bias=False)
              (bn1): SyncBatchNorm(36, eps=1e-05, momentum=0.1, affine=True, track_running_stats=True)
              (conv2): Conv2d(36, 36, kernel_size=(3, 3), stride=(1, 1), padding=(1, 1), bias=False)
              (bn2): SyncBatchNorm(36, eps=1e-05, momentum=0.1, affine=True, track_running_stats=True)
              (relu): ReLU(inplace=True)
            )
          )
          (2): Sequential(
            (0): BasicBlock(
              (conv1): Conv2d(72, 72, kernel_size=(3, 3), stride=(1, 1), padding=(1, 1), bias=False)
              (bn1): SyncBatchNorm(72, eps=1e-05, momentum=0.1, affine=True, track_running_stats=True)
              (conv2): Conv2d(72, 72, kernel_size=(3, 3), stride=(1, 1), padding=(1, 1), bias=False)
              (bn2): SyncBatchNorm(72, eps=1e-05, momentum=0.1, affine=True, track_running_stats=True)
              (relu): ReLU(inplace=True)
            )
            (1): BasicBlock(
              (conv1): Conv2d(72, 72, kernel_size=(3, 3), stride=(1, 1), padding=(1, 1), bias=False)
              (bn1): SyncBatchNorm(72, eps=1e-05, momentum=0.1, affine=True, track_running_stats=True)
              (conv2): Conv2d(72, 72, kernel_size=(3, 3), stride=(1, 1), padding=(1, 1), bias=False)
              (bn2): SyncBatchNorm(72, eps=1e-05, momentum=0.1, affine=True, track_running_stats=True)
              (relu): ReLU(inplace=True)
            )
          )
        )
        (fuse_layers): ModuleList(
          (0): ModuleList(
            (0): None
            (1): Sequential(
              (0): Conv2d(36, 18, kernel_size=(1, 1), stride=(1, 1), bias=False)
              (1): SyncBatchNorm(18, eps=1e-05, momentum=0.1, affine=True, track_running_stats=True)
              (2): Upsample()
            )
            (2): Sequential(
              (0): Conv2d(72, 18, kernel_size=(1, 1), stride=(1, 1), bias=False)
              (1): SyncBatchNorm(18, eps=1e-05, momentum=0.1, affine=True, track_running_stats=True)
              (2): Upsample()
            )
          )
          (1): ModuleList(
            (0): Sequential(
              (0): Sequential(
                (0): Conv2d(18, 36, kernel_size=(3, 3), stride=(2, 2), padding=(1, 1), bias=False)
                (1): SyncBatchNorm(36, eps=1e-05, momentum=0.1, affine=True, track_running_stats=True)
              )
            )
            (1): None
            (2): Sequential(
              (0): Conv2d(72, 36, kernel_size=(1, 1), stride=(1, 1), bias=False)
              (1): SyncBatchNorm(36, eps=1e-05, momentum=0.1, affine=True, track_running_stats=True)
              (2): Upsample()
            )
          )
          (2): ModuleList(
            (0): Sequential(
              (0): Sequential(
                (0): Conv2d(18, 18, kernel_size=(3, 3), stride=(2, 2), padding=(1, 1), bias=False)
                (1): SyncBatchNorm(18, eps=1e-05, momentum=0.1, affine=True, track_running_stats=True)
                (2): ReLU()
              )
              (1): Sequential(
                (0): Conv2d(18, 72, kernel_size=(3, 3), stride=(2, 2), padding=(1, 1), bias=False)
                (1): SyncBatchNorm(72, eps=1e-05, momentum=0.1, affine=True, track_running_stats=True)
              )
            )
            (1): Sequential(
              (0): Sequential(
                (0): Conv2d(36, 72, kernel_size=(3, 3), stride=(2, 2), padding=(1, 1), bias=False)
                (1): SyncBatchNorm(72, eps=1e-05, momentum=0.1, affine=True, track_running_stats=True)
              )
            )
            (2): None
          )
        )
        (relu): ReLU()
      )
      (2): HRModule(
        (branches): ModuleList(
          (0): Sequential(
            (0): BasicBlock(
              (conv1): Conv2d(18, 18, kernel_size=(3, 3), stride=(1, 1), padding=(1, 1), bias=False)
              (bn1): SyncBatchNorm(18, eps=1e-05, momentum=0.1, affine=True, track_running_stats=True)
              (conv2): Conv2d(18, 18, kernel_size=(3, 3), stride=(1, 1), padding=(1, 1), bias=False)
              (bn2): SyncBatchNorm(18, eps=1e-05, momentum=0.1, affine=True, track_running_stats=True)
              (relu): ReLU(inplace=True)
            )
            (1): BasicBlock(
              (conv1): Conv2d(18, 18, kernel_size=(3, 3), stride=(1, 1), padding=(1, 1), bias=False)
              (bn1): SyncBatchNorm(18, eps=1e-05, momentum=0.1, affine=True, track_running_stats=True)
              (conv2): Conv2d(18, 18, kernel_size=(3, 3), stride=(1, 1), padding=(1, 1), bias=False)
              (bn2): SyncBatchNorm(18, eps=1e-05, momentum=0.1, affine=True, track_running_stats=True)
              (relu): ReLU(inplace=True)
            )
          )
          (1): Sequential(
            (0): BasicBlock(
              (conv1): Conv2d(36, 36, kernel_size=(3, 3), stride=(1, 1), padding=(1, 1), bias=False)
              (bn1): SyncBatchNorm(36, eps=1e-05, momentum=0.1, affine=True, track_running_stats=True)
              (conv2): Conv2d(36, 36, kernel_size=(3, 3), stride=(1, 1), padding=(1, 1), bias=False)
              (bn2): SyncBatchNorm(36, eps=1e-05, momentum=0.1, affine=True, track_running_stats=True)
              (relu): ReLU(inplace=True)
            )
            (1): BasicBlock(
              (conv1): Conv2d(36, 36, kernel_size=(3, 3), stride=(1, 1), padding=(1, 1), bias=False)
              (bn1): SyncBatchNorm(36, eps=1e-05, momentum=0.1, affine=True, track_running_stats=True)
              (conv2): Conv2d(36, 36, kernel_size=(3, 3), stride=(1, 1), padding=(1, 1), bias=False)
              (bn2): SyncBatchNorm(36, eps=1e-05, momentum=0.1, affine=True, track_running_stats=True)
              (relu): ReLU(inplace=True)
            )
          )
          (2): Sequential(
            (0): BasicBlock(
              (conv1): Conv2d(72, 72, kernel_size=(3, 3), stride=(1, 1), padding=(1, 1), bias=False)
              (bn1): SyncBatchNorm(72, eps=1e-05, momentum=0.1, affine=True, track_running_stats=True)
              (conv2): Conv2d(72, 72, kernel_size=(3, 3), stride=(1, 1), padding=(1, 1), bias=False)
              (bn2): SyncBatchNorm(72, eps=1e-05, momentum=0.1, affine=True, track_running_stats=True)
              (relu): ReLU(inplace=True)
            )
            (1): BasicBlock(
              (conv1): Conv2d(72, 72, kernel_size=(3, 3), stride=(1, 1), padding=(1, 1), bias=False)
              (bn1): SyncBatchNorm(72, eps=1e-05, momentum=0.1, affine=True, track_running_stats=True)
              (conv2): Conv2d(72, 72, kernel_size=(3, 3), stride=(1, 1), padding=(1, 1), bias=False)
              (bn2): SyncBatchNorm(72, eps=1e-05, momentum=0.1, affine=True, track_running_stats=True)
              (relu): ReLU(inplace=True)
            )
          )
        )
        (fuse_layers): ModuleList(
          (0): ModuleList(
            (0): None
            (1): Sequential(
              (0): Conv2d(36, 18, kernel_size=(1, 1), stride=(1, 1), bias=False)
              (1): SyncBatchNorm(18, eps=1e-05, momentum=0.1, affine=True, track_running_stats=True)
              (2): Upsample()
            )
            (2): Sequential(
              (0): Conv2d(72, 18, kernel_size=(1, 1), stride=(1, 1), bias=False)
              (1): SyncBatchNorm(18, eps=1e-05, momentum=0.1, affine=True, track_running_stats=True)
              (2): Upsample()
            )
          )
          (1): ModuleList(
            (0): Sequential(
              (0): Sequential(
                (0): Conv2d(18, 36, kernel_size=(3, 3), stride=(2, 2), padding=(1, 1), bias=False)
                (1): SyncBatchNorm(36, eps=1e-05, momentum=0.1, affine=True, track_running_stats=True)
              )
            )
            (1): None
            (2): Sequential(
              (0): Conv2d(72, 36, kernel_size=(1, 1), stride=(1, 1), bias=False)
              (1): SyncBatchNorm(36, eps=1e-05, momentum=0.1, affine=True, track_running_stats=True)
              (2): Upsample()
            )
          )
          (2): ModuleList(
            (0): Sequential(
              (0): Sequential(
                (0): Conv2d(18, 18, kernel_size=(3, 3), stride=(2, 2), padding=(1, 1), bias=False)
                (1): SyncBatchNorm(18, eps=1e-05, momentum=0.1, affine=True, track_running_stats=True)
                (2): ReLU()
              )
              (1): Sequential(
                (0): Conv2d(18, 72, kernel_size=(3, 3), stride=(2, 2), padding=(1, 1), bias=False)
                (1): SyncBatchNorm(72, eps=1e-05, momentum=0.1, affine=True, track_running_stats=True)
              )
            )
            (1): Sequential(
              (0): Sequential(
                (0): Conv2d(36, 72, kernel_size=(3, 3), stride=(2, 2), padding=(1, 1), bias=False)
                (1): SyncBatchNorm(72, eps=1e-05, momentum=0.1, affine=True, track_running_stats=True)
              )
            )
            (2): None
          )
        )
        (relu): ReLU()
      )
    )
    (transition3): ModuleList(
      (0): None
      (1): None
      (2): None
      (3): Sequential(
        (0): Sequential(
          (0): Conv2d(72, 144, kernel_size=(3, 3), stride=(2, 2), padding=(1, 1), bias=False)
          (1): SyncBatchNorm(144, eps=1e-05, momentum=0.1, affine=True, track_running_stats=True)
          (2): ReLU(inplace=True)
        )
      )
    )
    (stage4): Sequential(
      (0): HRModule(
        (branches): ModuleList(
          (0): Sequential(
            (0): BasicBlock(
              (conv1): Conv2d(18, 18, kernel_size=(3, 3), stride=(1, 1), padding=(1, 1), bias=False)
              (bn1): SyncBatchNorm(18, eps=1e-05, momentum=0.1, affine=True, track_running_stats=True)
              (conv2): Conv2d(18, 18, kernel_size=(3, 3), stride=(1, 1), padding=(1, 1), bias=False)
              (bn2): SyncBatchNorm(18, eps=1e-05, momentum=0.1, affine=True, track_running_stats=True)
              (relu): ReLU(inplace=True)
            )
            (1): BasicBlock(
              (conv1): Conv2d(18, 18, kernel_size=(3, 3), stride=(1, 1), padding=(1, 1), bias=False)
              (bn1): SyncBatchNorm(18, eps=1e-05, momentum=0.1, affine=True, track_running_stats=True)
              (conv2): Conv2d(18, 18, kernel_size=(3, 3), stride=(1, 1), padding=(1, 1), bias=False)
              (bn2): SyncBatchNorm(18, eps=1e-05, momentum=0.1, affine=True, track_running_stats=True)
              (relu): ReLU(inplace=True)
            )
          )
          (1): Sequential(
            (0): BasicBlock(
              (conv1): Conv2d(36, 36, kernel_size=(3, 3), stride=(1, 1), padding=(1, 1), bias=False)
              (bn1): SyncBatchNorm(36, eps=1e-05, momentum=0.1, affine=True, track_running_stats=True)
              (conv2): Conv2d(36, 36, kernel_size=(3, 3), stride=(1, 1), padding=(1, 1), bias=False)
              (bn2): SyncBatchNorm(36, eps=1e-05, momentum=0.1, affine=True, track_running_stats=True)
              (relu): ReLU(inplace=True)
            )
            (1): BasicBlock(
              (conv1): Conv2d(36, 36, kernel_size=(3, 3), stride=(1, 1), padding=(1, 1), bias=False)
              (bn1): SyncBatchNorm(36, eps=1e-05, momentum=0.1, affine=True, track_running_stats=True)
              (conv2): Conv2d(36, 36, kernel_size=(3, 3), stride=(1, 1), padding=(1, 1), bias=False)
              (bn2): SyncBatchNorm(36, eps=1e-05, momentum=0.1, affine=True, track_running_stats=True)
              (relu): ReLU(inplace=True)
            )
          )
          (2): Sequential(
            (0): BasicBlock(
              (conv1): Conv2d(72, 72, kernel_size=(3, 3), stride=(1, 1), padding=(1, 1), bias=False)
              (bn1): SyncBatchNorm(72, eps=1e-05, momentum=0.1, affine=True, track_running_stats=True)
              (conv2): Conv2d(72, 72, kernel_size=(3, 3), stride=(1, 1), padding=(1, 1), bias=False)
              (bn2): SyncBatchNorm(72, eps=1e-05, momentum=0.1, affine=True, track_running_stats=True)
              (relu): ReLU(inplace=True)
            )
            (1): BasicBlock(
              (conv1): Conv2d(72, 72, kernel_size=(3, 3), stride=(1, 1), padding=(1, 1), bias=False)
              (bn1): SyncBatchNorm(72, eps=1e-05, momentum=0.1, affine=True, track_running_stats=True)
              (conv2): Conv2d(72, 72, kernel_size=(3, 3), stride=(1, 1), padding=(1, 1), bias=False)
              (bn2): SyncBatchNorm(72, eps=1e-05, momentum=0.1, affine=True, track_running_stats=True)
              (relu): ReLU(inplace=True)
            )
          )
          (3): Sequential(
            (0): BasicBlock(
              (conv1): Conv2d(144, 144, kernel_size=(3, 3), stride=(1, 1), padding=(1, 1), bias=False)
              (bn1): SyncBatchNorm(144, eps=1e-05, momentum=0.1, affine=True, track_running_stats=True)
              (conv2): Conv2d(144, 144, kernel_size=(3, 3), stride=(1, 1), padding=(1, 1), bias=False)
              (bn2): SyncBatchNorm(144, eps=1e-05, momentum=0.1, affine=True, track_running_stats=True)
              (relu): ReLU(inplace=True)
            )
            (1): BasicBlock(
              (conv1): Conv2d(144, 144, kernel_size=(3, 3), stride=(1, 1), padding=(1, 1), bias=False)
              (bn1): SyncBatchNorm(144, eps=1e-05, momentum=0.1, affine=True, track_running_stats=True)
              (conv2): Conv2d(144, 144, kernel_size=(3, 3), stride=(1, 1), padding=(1, 1), bias=False)
              (bn2): SyncBatchNorm(144, eps=1e-05, momentum=0.1, affine=True, track_running_stats=True)
              (relu): ReLU(inplace=True)
            )
          )
        )
        (fuse_layers): ModuleList(
          (0): ModuleList(
            (0): None
            (1): Sequential(
              (0): Conv2d(36, 18, kernel_size=(1, 1), stride=(1, 1), bias=False)
              (1): SyncBatchNorm(18, eps=1e-05, momentum=0.1, affine=True, track_running_stats=True)
              (2): Upsample()
            )
            (2): Sequential(
              (0): Conv2d(72, 18, kernel_size=(1, 1), stride=(1, 1), bias=False)
              (1): SyncBatchNorm(18, eps=1e-05, momentum=0.1, affine=True, track_running_stats=True)
              (2): Upsample()
            )
            (3): Sequential(
              (0): Conv2d(144, 18, kernel_size=(1, 1), stride=(1, 1), bias=False)
              (1): SyncBatchNorm(18, eps=1e-05, momentum=0.1, affine=True, track_running_stats=True)
              (2): Upsample()
            )
          )
          (1): ModuleList(
            (0): Sequential(
              (0): Sequential(
                (0): Conv2d(18, 36, kernel_size=(3, 3), stride=(2, 2), padding=(1, 1), bias=False)
                (1): SyncBatchNorm(36, eps=1e-05, momentum=0.1, affine=True, track_running_stats=True)
              )
            )
            (1): None
            (2): Sequential(
              (0): Conv2d(72, 36, kernel_size=(1, 1), stride=(1, 1), bias=False)
              (1): SyncBatchNorm(36, eps=1e-05, momentum=0.1, affine=True, track_running_stats=True)
              (2): Upsample()
            )
            (3): Sequential(
              (0): Conv2d(144, 36, kernel_size=(1, 1), stride=(1, 1), bias=False)
              (1): SyncBatchNorm(36, eps=1e-05, momentum=0.1, affine=True, track_running_stats=True)
              (2): Upsample()
            )
          )
          (2): ModuleList(
            (0): Sequential(
              (0): Sequential(
                (0): Conv2d(18, 18, kernel_size=(3, 3), stride=(2, 2), padding=(1, 1), bias=False)
                (1): SyncBatchNorm(18, eps=1e-05, momentum=0.1, affine=True, track_running_stats=True)
                (2): ReLU()
              )
              (1): Sequential(
                (0): Conv2d(18, 72, kernel_size=(3, 3), stride=(2, 2), padding=(1, 1), bias=False)
                (1): SyncBatchNorm(72, eps=1e-05, momentum=0.1, affine=True, track_running_stats=True)
              )
            )
            (1): Sequential(
              (0): Sequential(
                (0): Conv2d(36, 72, kernel_size=(3, 3), stride=(2, 2), padding=(1, 1), bias=False)
                (1): SyncBatchNorm(72, eps=1e-05, momentum=0.1, affine=True, track_running_stats=True)
              )
            )
            (2): None
            (3): Sequential(
              (0): Conv2d(144, 72, kernel_size=(1, 1), stride=(1, 1), bias=False)
              (1): SyncBatchNorm(72, eps=1e-05, momentum=0.1, affine=True, track_running_stats=True)
              (2): Upsample()
            )
          )
          (3): ModuleList(
            (0): Sequential(
              (0): Sequential(
                (0): Conv2d(18, 18, kernel_size=(3, 3), stride=(2, 2), padding=(1, 1), bias=False)
                (1): SyncBatchNorm(18, eps=1e-05, momentum=0.1, affine=True, track_running_stats=True)
                (2): ReLU()
              )
              (1): Sequential(
                (0): Conv2d(18, 18, kernel_size=(3, 3), stride=(2, 2), padding=(1, 1), bias=False)
                (1): SyncBatchNorm(18, eps=1e-05, momentum=0.1, affine=True, track_running_stats=True)
                (2): ReLU()
              )
              (2): Sequential(
                (0): Conv2d(18, 144, kernel_size=(3, 3), stride=(2, 2), padding=(1, 1), bias=False)
                (1): SyncBatchNorm(144, eps=1e-05, momentum=0.1, affine=True, track_running_stats=True)
              )
            )
            (1): Sequential(
              (0): Sequential(
                (0): Conv2d(36, 36, kernel_size=(3, 3), stride=(2, 2), padding=(1, 1), bias=False)
                (1): SyncBatchNorm(36, eps=1e-05, momentum=0.1, affine=True, track_running_stats=True)
                (2): ReLU()
              )
              (1): Sequential(
                (0): Conv2d(36, 144, kernel_size=(3, 3), stride=(2, 2), padding=(1, 1), bias=False)
                (1): SyncBatchNorm(144, eps=1e-05, momentum=0.1, affine=True, track_running_stats=True)
              )
            )
            (2): Sequential(
              (0): Sequential(
                (0): Conv2d(72, 144, kernel_size=(3, 3), stride=(2, 2), padding=(1, 1), bias=False)
                (1): SyncBatchNorm(144, eps=1e-05, momentum=0.1, affine=True, track_running_stats=True)
              )
            )
            (3): None
          )
        )
        (relu): ReLU()
      )
      (1): HRModule(
        (branches): ModuleList(
          (0): Sequential(
            (0): BasicBlock(
              (conv1): Conv2d(18, 18, kernel_size=(3, 3), stride=(1, 1), padding=(1, 1), bias=False)
              (bn1): SyncBatchNorm(18, eps=1e-05, momentum=0.1, affine=True, track_running_stats=True)
              (conv2): Conv2d(18, 18, kernel_size=(3, 3), stride=(1, 1), padding=(1, 1), bias=False)
              (bn2): SyncBatchNorm(18, eps=1e-05, momentum=0.1, affine=True, track_running_stats=True)
              (relu): ReLU(inplace=True)
            )
            (1): BasicBlock(
              (conv1): Conv2d(18, 18, kernel_size=(3, 3), stride=(1, 1), padding=(1, 1), bias=False)
              (bn1): SyncBatchNorm(18, eps=1e-05, momentum=0.1, affine=True, track_running_stats=True)
              (conv2): Conv2d(18, 18, kernel_size=(3, 3), stride=(1, 1), padding=(1, 1), bias=False)
              (bn2): SyncBatchNorm(18, eps=1e-05, momentum=0.1, affine=True, track_running_stats=True)
              (relu): ReLU(inplace=True)
            )
          )
          (1): Sequential(
            (0): BasicBlock(
              (conv1): Conv2d(36, 36, kernel_size=(3, 3), stride=(1, 1), padding=(1, 1), bias=False)
              (bn1): SyncBatchNorm(36, eps=1e-05, momentum=0.1, affine=True, track_running_stats=True)
              (conv2): Conv2d(36, 36, kernel_size=(3, 3), stride=(1, 1), padding=(1, 1), bias=False)
              (bn2): SyncBatchNorm(36, eps=1e-05, momentum=0.1, affine=True, track_running_stats=True)
              (relu): ReLU(inplace=True)
            )
            (1): BasicBlock(
              (conv1): Conv2d(36, 36, kernel_size=(3, 3), stride=(1, 1), padding=(1, 1), bias=False)
              (bn1): SyncBatchNorm(36, eps=1e-05, momentum=0.1, affine=True, track_running_stats=True)
              (conv2): Conv2d(36, 36, kernel_size=(3, 3), stride=(1, 1), padding=(1, 1), bias=False)
              (bn2): SyncBatchNorm(36, eps=1e-05, momentum=0.1, affine=True, track_running_stats=True)
              (relu): ReLU(inplace=True)
            )
          )
          (2): Sequential(
            (0): BasicBlock(
              (conv1): Conv2d(72, 72, kernel_size=(3, 3), stride=(1, 1), padding=(1, 1), bias=False)
              (bn1): SyncBatchNorm(72, eps=1e-05, momentum=0.1, affine=True, track_running_stats=True)
              (conv2): Conv2d(72, 72, kernel_size=(3, 3), stride=(1, 1), padding=(1, 1), bias=False)
              (bn2): SyncBatchNorm(72, eps=1e-05, momentum=0.1, affine=True, track_running_stats=True)
              (relu): ReLU(inplace=True)
            )
            (1): BasicBlock(
              (conv1): Conv2d(72, 72, kernel_size=(3, 3), stride=(1, 1), padding=(1, 1), bias=False)
              (bn1): SyncBatchNorm(72, eps=1e-05, momentum=0.1, affine=True, track_running_stats=True)
              (conv2): Conv2d(72, 72, kernel_size=(3, 3), stride=(1, 1), padding=(1, 1), bias=False)
              (bn2): SyncBatchNorm(72, eps=1e-05, momentum=0.1, affine=True, track_running_stats=True)
              (relu): ReLU(inplace=True)
            )
          )
          (3): Sequential(
            (0): BasicBlock(
              (conv1): Conv2d(144, 144, kernel_size=(3, 3), stride=(1, 1), padding=(1, 1), bias=False)
              (bn1): SyncBatchNorm(144, eps=1e-05, momentum=0.1, affine=True, track_running_stats=True)
              (conv2): Conv2d(144, 144, kernel_size=(3, 3), stride=(1, 1), padding=(1, 1), bias=False)
              (bn2): SyncBatchNorm(144, eps=1e-05, momentum=0.1, affine=True, track_running_stats=True)
              (relu): ReLU(inplace=True)
            )
            (1): BasicBlock(
              (conv1): Conv2d(144, 144, kernel_size=(3, 3), stride=(1, 1), padding=(1, 1), bias=False)
              (bn1): SyncBatchNorm(144, eps=1e-05, momentum=0.1, affine=True, track_running_stats=True)
              (conv2): Conv2d(144, 144, kernel_size=(3, 3), stride=(1, 1), padding=(1, 1), bias=False)
              (bn2): SyncBatchNorm(144, eps=1e-05, momentum=0.1, affine=True, track_running_stats=True)
              (relu): ReLU(inplace=True)
            )
          )
        )
        (fuse_layers): ModuleList(
          (0): ModuleList(
            (0): None
            (1): Sequential(
              (0): Conv2d(36, 18, kernel_size=(1, 1), stride=(1, 1), bias=False)
              (1): SyncBatchNorm(18, eps=1e-05, momentum=0.1, affine=True, track_running_stats=True)
              (2): Upsample()
            )
            (2): Sequential(
              (0): Conv2d(72, 18, kernel_size=(1, 1), stride=(1, 1), bias=False)
              (1): SyncBatchNorm(18, eps=1e-05, momentum=0.1, affine=True, track_running_stats=True)
              (2): Upsample()
            )
            (3): Sequential(
              (0): Conv2d(144, 18, kernel_size=(1, 1), stride=(1, 1), bias=False)
              (1): SyncBatchNorm(18, eps=1e-05, momentum=0.1, affine=True, track_running_stats=True)
              (2): Upsample()
            )
          )
          (1): ModuleList(
            (0): Sequential(
              (0): Sequential(
                (0): Conv2d(18, 36, kernel_size=(3, 3), stride=(2, 2), padding=(1, 1), bias=False)
                (1): SyncBatchNorm(36, eps=1e-05, momentum=0.1, affine=True, track_running_stats=True)
              )
            )
            (1): None
            (2): Sequential(
              (0): Conv2d(72, 36, kernel_size=(1, 1), stride=(1, 1), bias=False)
              (1): SyncBatchNorm(36, eps=1e-05, momentum=0.1, affine=True, track_running_stats=True)
              (2): Upsample()
            )
            (3): Sequential(
              (0): Conv2d(144, 36, kernel_size=(1, 1), stride=(1, 1), bias=False)
              (1): SyncBatchNorm(36, eps=1e-05, momentum=0.1, affine=True, track_running_stats=True)
              (2): Upsample()
            )
          )
          (2): ModuleList(
            (0): Sequential(
              (0): Sequential(
                (0): Conv2d(18, 18, kernel_size=(3, 3), stride=(2, 2), padding=(1, 1), bias=False)
                (1): SyncBatchNorm(18, eps=1e-05, momentum=0.1, affine=True, track_running_stats=True)
                (2): ReLU()
              )
              (1): Sequential(
                (0): Conv2d(18, 72, kernel_size=(3, 3), stride=(2, 2), padding=(1, 1), bias=False)
                (1): SyncBatchNorm(72, eps=1e-05, momentum=0.1, affine=True, track_running_stats=True)
              )
            )
            (1): Sequential(
              (0): Sequential(
                (0): Conv2d(36, 72, kernel_size=(3, 3), stride=(2, 2), padding=(1, 1), bias=False)
                (1): SyncBatchNorm(72, eps=1e-05, momentum=0.1, affine=True, track_running_stats=True)
              )
            )
            (2): None
            (3): Sequential(
              (0): Conv2d(144, 72, kernel_size=(1, 1), stride=(1, 1), bias=False)
              (1): SyncBatchNorm(72, eps=1e-05, momentum=0.1, affine=True, track_running_stats=True)
              (2): Upsample()
            )
          )
          (3): ModuleList(
            (0): Sequential(
              (0): Sequential(
                (0): Conv2d(18, 18, kernel_size=(3, 3), stride=(2, 2), padding=(1, 1), bias=False)
                (1): SyncBatchNorm(18, eps=1e-05, momentum=0.1, affine=True, track_running_stats=True)
                (2): ReLU()
              )
              (1): Sequential(
                (0): Conv2d(18, 18, kernel_size=(3, 3), stride=(2, 2), padding=(1, 1), bias=False)
                (1): SyncBatchNorm(18, eps=1e-05, momentum=0.1, affine=True, track_running_stats=True)
                (2): ReLU()
              )
              (2): Sequential(
                (0): Conv2d(18, 144, kernel_size=(3, 3), stride=(2, 2), padding=(1, 1), bias=False)
                (1): SyncBatchNorm(144, eps=1e-05, momentum=0.1, affine=True, track_running_stats=True)
              )
            )
            (1): Sequential(
              (0): Sequential(
                (0): Conv2d(36, 36, kernel_size=(3, 3), stride=(2, 2), padding=(1, 1), bias=False)
                (1): SyncBatchNorm(36, eps=1e-05, momentum=0.1, affine=True, track_running_stats=True)
                (2): ReLU()
              )
              (1): Sequential(
                (0): Conv2d(36, 144, kernel_size=(3, 3), stride=(2, 2), padding=(1, 1), bias=False)
                (1): SyncBatchNorm(144, eps=1e-05, momentum=0.1, affine=True, track_running_stats=True)
              )
            )
            (2): Sequential(
              (0): Sequential(
                (0): Conv2d(72, 144, kernel_size=(3, 3), stride=(2, 2), padding=(1, 1), bias=False)
                (1): SyncBatchNorm(144, eps=1e-05, momentum=0.1, affine=True, track_running_stats=True)
              )
            )
            (3): None
          )
        )
        (relu): ReLU()
      )
    )
    (conv_mask): Conv2d(1, 64, kernel_size=(3, 3), stride=(2, 2), padding=(1, 1), bias=False)
  )
  (decode_head): FCNHead(
    input_transform=resize_concat, ignore_index=255, align_corners=False
    (loss_decode): CrossEntropyLoss()
    (conv_seg): Conv2d(270, 2, kernel_size=(1, 1), stride=(1, 1))
    (convs): Sequential(
      (0): ConvModule(
        (conv): Conv2d(270, 270, kernel_size=(1, 1), stride=(1, 1), bias=False)
        (bn): SyncBatchNorm(270, eps=1e-05, momentum=0.1, affine=True, track_running_stats=True)
        (activate): ReLU(inplace=True)
      )
    )
  )
)
2023-03-28 19:06:47,361 - mmseg - INFO - Loaded 0 images
